[    0.000000] Linux version 4.15.072-generic (buildd@lcy01-amd64-026) (gcc version 7.4.0 (Ubuntu 7.4.0-1ubuntu1~18.04.1)) #81-Ubuntu SMP Tue Nov 26 12:20:02 UTC 2019 (Ubuntu 4.15.0-72.81-generic 4.15.18)
[    0.000000] Command line: BOOT_IMAGE=/bot/vmlinuz-4.15.0-72-generic root=LABEL=cloudimg-rotfs ro console=tty1 console=ttyS0
[    0.000000] KERNEL supported cpus:
[    0.000000]   Intel GenuineIntel
[    0.000000]   AMD AuthenticAMD
[    0.000000]   Centaur CentaurHauls
[    0.000000] x86/fpu: Supporting XSAVE feature 0x001: '87 floating point registers'
[    0.000000] x86/fpu: Supporting XSAVE feature 0x002: 'SSE registers'
[    0.000000] x86/fpu: Supporting XSAVE feature 0x004: 'AVX registers'
[    0.000000] x86/fpu: xstate_offset[2]:  576, xstate_sizes[2]:  256
[    0.000000] x86/fpu: Enabled xstate features 0x7, context size is 832 bytes, using 'standard' format
[   0.000000] e820: BIOS-provided physical RAM map:
[    0.000000] BIOS-e820: [mem 0x0000000000000000-0x00000000009fbff] usable
[    0.000000] BIOS-e820: [mem 0x000000000009fc00-0x000000000009ffff] reserved
[    0.000000] BIOS-e820: [mem 0x00000000000f0000-0x00000000000fffff] reserved
[    0.000000] BIOS-e820: [mem 0x0000000000100000-0x000000003fffff] uable
[    0.000000] BIOS-e820: [mem 0x000000003fff0000-0x000000003fffffff] API ata
[    0.000000] BIOS-e820: [mem 0x00000000fec00000-0x00000000fec00fff] reserved
[   0.000000] BIOS-e820:[mem 0x00000000fee00000-0x0000000fe00fff] reserved
[   0.00000] BIOS-e820: [mem 0x0000000fffc0000-0x00000000ffffff]reserved
[    0.000000] NX (Execute Disable) protection: ative
[    0.000000] SMBIOS 2.5 present.
[    0.000000] DMI: innotek GmbH VirtuaBox/VirtualBox, BIO VirtualBox 12/01/206
    0.000000] Hyervisor detected: KVM
[   0.000000] 820: last_pfn = 0x3fff0 max_arch_pfn = 0x400000000
[    0.000000] MTRR: Disabled
[    0.000000] x86/PAT: MTRRs disabled, skipping PAT initialization too.
[    0.000000] CPU MTRRs all blank - virtualized system.
[    0.000000] x86/PAT: Configuration [0-7]: WB  WT  UC- UC  WB  WT  UC- UC  
[    0.000000] found SMP MP-table at [mem 0x0009fff0-0x0009ffff]
[    0.000000] Scanning 1 areas for low memory corruption
[   0.000000] RAMDISK: [mem 0x35a6d000-0x36d2dff]
[    0.000000] ACPI: Early table checksum verification disaled
[    0.0000] ACPI: RSDP 0x00000000000E0000 000024 (v02 VBOX  )
[    0.000000] ACPI: XSDT 0x000000003FFF0030 00003 (v01 VBOX   VBOXXSDT 00000001 ASL  00000061)
[    0.000000] ACPI: FACP 0x00000003FFF00F0 0000F4 (v04 VBOX   VBOXFACP 00000001 ASL  00000061)
[    0.000000] ACPI: DSDT 0x000000003FFF0470 0021FF (v02 VBOX   VBOBIOS 00000002 INTL 20100528)
[   0.000000] ACPI: FACS 0x000000003FFF0200 000040
[    0.000000] ACPI: FACS 0x000000003FFF0200 000040
[    0.000000] ACPI: APIC 0x000000003FFF0240 00005C (02 VBOX   VBOAPIC 00000001 ASL  00000061)
[    0.000000] ACPI: SSDT 0x00000003FFF02A0 0001CC (v01 VBOX   VBOXCPUT 00000002 INTL 20100528)
[    0.000000] No NUMA configuration found
[    0.000000] Fakinga node at [mem 0x0000000000000000-0x000000003ffeffff]
[    0.000000] NODE_DATA(0) allocated [mem 0x3ffc5000-03ffeffff]
[   0.000000] kvm-clock: cpu 0, msr 0:3ff44001, primary cpu clock
[    0.000000] kvm-clock: Using msrs 4b564d01 and 4b564d00
[   0.000000] kvm-clock: using sched offset of 4473579265 cycles
[    0.000000] clocksource: kvm-clock: mask: 0xffffffffffffffff max_cycles: 0x1cd42e4dffb, max_idle_ns: 881590591483 ns
[   0.000000] Zone ranges:
[    .000000]   DMA      [mem 0x0000000000001000-0x0000000000ffffff]
[    0.000000]  DMA32    [mem 0x0000000001000000-0x000000003ffeffff]
[    0.000000]   Normal   empty
[    0.000000]   Device   empty
[    0.000000] Movable zone start for each node
[    0.000000] Early memory node ranges
[    0.000000]   node   0: [mem 0x0000000000001000-0x00000000009efff]
[   0000000]   node   0: [mem 0x0000000000100000-0x000000003ffeffff]
[   0.00000] Reserved but unavailable: 98 pages
[    0.000000] Initme setup node 0 [mem 0x0000000000001000-0x000000003ffeffff]
[    0.000000] ACPI: PM-Timer IO Port: 0x4008
[    0.000000] IOAPIC[0]: apic_id 2, version 32, address 0xfec00000, GSI 0-23
[    0.000000] ACI: INT_SRC_OVR (bus 0 bus_irq 0 global_irq 2 dfl dfl)
[    0.000000] ACPI: INT_SRC_OVR (bus 0 bus_irq 9 global_irq 9 low level)
[    0.000000] Using ACPI (MADT) for SMP configuration information
[    0.000000] smpboot: Alloing 2 CPUs 0 otplug CPUs
[    0.000000] PM: Registered nosave memory: [mem0x00000000-0x00000fff]
[    0.000000] PM: Registered nosave memory: [mem 0x0009f000-0x0009ffff]
[    0.000000] PM: Registered nosave memory: [em 0x000a0000-0x000effff]
[    0.000000] PM: Registered nosave memory: [mem 0x000f0000-0x000ffff]
[    0.000000] e820: [mem 0x40000000-0xfebfffff] availble for PCI devices
[    0.000000] Booting paravirtualized kernel on KVM
[   0.000000] clocksorce: refned-jiffies: msk 0xffffffff max_cycles: 0xffffffff, max_idle_ns: 7645519600211568 ns
[    0.000000] random: get_random_bytes called from start_kernel+0x99/0x4fd with crng_init=0
[    0.000000] setup_percpu: NR_CPUS:8192 nr_cpumask_bits:2 nr_cpu_ids:2 nr_node_ids:1
[    0.000000] percpu: Embedded 45 pages/cpu s147456 r8192 d28672 u1048576
[    0.000000] PV qspinlock hash table entries: 256 (order: 0, 4096 bytes)
[    0.000000] Built 1 zonelists, mobility grouping on.  Total pages: 257913
[    0.000000] Policy zone: DMA32
[    0.000000] Kernel command line: BOOT_IMAGE=/boot/vmlinuz-4.15.0-72-generic root=LABEL=cloudimg-rootfs ro console=tty1 console=ttyS0
[    0.000000] Memory: 983392K/1048120K available (12300K kernel code, 2481K rwdata, 4264K rodata, 2428K init, 2388K bss, 6472K reserved, 0K cma-reserved)
[    0.000000] SLUB: HWalign=64, Order=0-3, MinObjects=0, CPUs=2, Nodes=1
[    0.00000] Kernel/User page tables isolation: enabled
[    0.000000]ftrace: allocating 39318 entries in 154 pages
[    0.004000] Hierarchical RCU implementation.
[    0.004000] 	RCU restricting CPUs from NR_CPUS=8192 to nr_cpu_ids=2.
[    0.004000] Tasks RCU enabled.
[   0.004000] RCU: Adjusting geomery for rcu_fanout_leaf=16, nr_cpu_ids=2
[    0.004000] NR_IRQS: 524544, nr_irqs: 440, preallocated irqs: 16
[    0.004000] Console: colour VGA+ 80x25
[    0.004000] console [tty1] enabled
[    0.004000] console [ttyS0] enabled
[   0.004000] ACPI: Core revision 20170831
[    0.004000] ACPI: 2 ACPI AML tables successfully acquired and loaded
[   0.004000] APIC: Switch to symmetric I/O mode setup
[    0.004547] x2apic enabled
[    0.008010] Switched APIC routing to physical x2apic.
[    0.012000] ..TIMER: vector=0x30 apic1=0 pin1=2 apic2=-1 pin2=-1
[    0.012010] tsc: Detected 1991.999 MHz processor
[    0.016020] Calibrating delay loop (skipped) preset value.. 3983.99 BogoMIPS (lpj=7967996)
[    0.020008] pid_max: default: 32768 minimum: 301
[    0.024118] Security Framework initialized
[    0.028008] Yama: becoming mindful.
[    0.032048] AppArmor: AppArmor initialized
[    0.040072] Dentry cache hash table entries: 131072 (order: 8, 1048576 bytes)
[    0.044123] Inode-cache hash table entries: 65536 (order: 7, 524288 bytes)
[    0.048023] Mount-cache hash table entries: 2048 (order: 2, 16384 bytes)
[    0.052011] Mountpoint-cache hash table entries: 2048 (order: 2, 16384 bytes)
[    0.056460] Last level iTLB entries: 4KB 64, 2MB 8, 4MB 8
[    0.060006] Last level dTLB entries: 4KB 64, 2MB 0, 4MB 0, 1GB 4
[    0.064005] Spectre V1 : Mitigation: usercopy/swapgs barriers and __user pointer sanitization
[    0.068009] Spectre V2 : Mitigation: Full generic retpoline
[    0.072008] Spectre V2 : Spectre v2 / SpectreRSB mitigation: Filling RSB on context switch
[    0.076009] Speculative Store Bypass: Vulnerable
[    0.080100] MDS: Vulnerable: Clear CPU buffers attempted, no microcode
[    0.084335] Freeing SMP alternatives memory: 36K
[    0.202653] smpboot: CPU0: Intel(R) Core(TM) i7-8550U CPU @ 1.80GHz (family: 0x6, model: 0x8e, stepping: 0xa)
[    0.204114] Performance Events: unsupported p6 CPU model 142 no PMU driver, software events only.
[    0.208092] Hierarchical SRCU implementation.
[    0.213106] NMI watchdog: Perf event create on CPU 0 failed with -2
[    0.216008] NMI watchdog: Perf NMI watchdog permanently disabled
[    0.220096] smp: Bringing up secondary CPUs ...
[    0.224148] x86: Booting SMP configuration:
[    0.228009] .... node  #0, CPUs:      #1
[    0.004000] kvm-clock: cpu 1, msr 0:3ff44041, secondary cpu clock
[    0.242591] smp: Brought up 1 node, 2 CPUs
[    0.244010] smpboot: Max logical packages: 1
[    0.248007] smpboot: Total of 2 processors activated (7967.99 BogoMIPS)
[    0.252297] devtmpfs: initialized
[    0.256107] x86/mm: Memory block size: 128MB
[    0.260377] evm: security.selinux
[    0.264010] evm: security.SMACK64
[    0.268010] evm: security.SMACK64EXEC
[    0.272008] evm: security.SMACK64TRANSMUTE
[    0.276009] evm: security.SMACK64MMAP
[    0.280008] evm: security.apparmor
[    0.284006] evm: security.ima
[    0.286506] evm: security.capability
[    0.288209] clocksource: jiffies: mask: 0xffffffff max_cycles: 0xffffffff, max_idle_ns: 7645041785100000 ns
[    0.292039] futex hash table entries: 512 (order: 3, 32768 bytes)
[    0.296031] pinctrl core: initialized pinctrl subsystem
[    0.304038] RTC time: 16:57:19, date: 12/30/19
[    0.306968] NET: Registered protocol family 16
[    0.308181] audit: initializing netlink subsys (disabled)
[    0.311131] audit: type=2000 audit(1577725041.105:1): state=initialized audit_enabled=0 res=1
[    0.312015] cpuidle: using governor ladder
[    0.316021] cpuidle: using governor menu
[    0.320077] ACPI: bus type PCI registered
[    0.322126] acpiphp: ACPI Hot Plug PCI Controller Driver version: 0.5
[    0.324240] PCI: Using configuration type 1 for base access
[    0.332093] HugeTLB registered 2.00 MiB page size, pre-allocated 0 pages
[    0.340187] ACPI: Added _OSI(Module Device)
[    0.342436] ACPI: Added _OSI(Processor Device)
[    0.344025] ACPI: Added _OSI(3.0 _SCP Extensions)
[    0.348006] ACPI: Added _OSI(Processor Aggregator Device)
[    0.352008] ACPI: Added _OSI(Linux-Dell-Video)
[    0.354245] ACPI: Added _OSI(Linux-Lenovo-NV-HDMI-Audio)
[    0.356012] ACPI: Added _OSI(Linux-HPI-Hybrid-Graphics)
[    0.361042] ACPI: Executed 1 blocks of module-level executable AML code
[    0.371705] ACPI: Interpreter enabled
[    0.372022] ACPI: (supports S0 S5)
[    0.373396] ACPI: Using IOAPIC for interrupt routing
[    0.376451] PCI: Using host bridge windows from ACPI; if necessary, use "pci=nocrs" and report a bug
[    0.380368] ACPI: Enabled 2 GPEs in block 00 to 07
[    0.394596] ACPI: PCI Root Bridge [PCI0] (domain 0000 [bus 00-ff])
[    0.396014] acpi PNP0A03:00: _OSC: OS supports [ASPM ClockPM Segments MSI]
[    0.400048] acpi PNP0A03:00: _OSC: not requesting OS control; OS requires [ExtendedConfig ASPM ClockPM MSI]
[    0.404037] acpi PNP0A03:00: fail to add MMCONFIG information, can't access extended PCI configuration space under this bridge.
[    0.408952] PCI host bridge to bus 0000:00
[    0.412009] pci_bus 0000:00: root bus resource [io  0x0000-0x0cf7 window]
[    0.414754] pci_bus 0000:00: root bus resource [io  0x0d00-0xffff window]
[    0.416006] pci_bus 0000:00: root bus resource [mem 0x000a0000-0x000bffff window]
[    0.420006] pci_bus 0000:00: root bus resource [mem 0x40000000-0xfdffffff window]
[    0.424006] pci_bus 0000:00: root bus resource [bus 00-ff]
[    0.431502] pci 0000:00:01.1: legacy IDE quirk: reg 0x10: [io  0x01f0-0x01f7]
[    0.432006] pci 0000:00:01.1: legacy IDE quirk: reg 0x14: [io  0x03f6]
[    0.436011] pci 0000:00:01.1: legacy IDE quirk: reg 0x18: [io  0x0170-0x0177]
[    0.440009] pci 0000:00:01.1: legacy IDE quirk: reg 0x1c: [io  0x0376]
[    0.473401] pci 0000:00:07.0: quirk: [io  0x4000-0x403f] claimed by PIIX4 ACPI
[    0.476028] pci 0000:00:07.0: quirk: [io  0x4100-0x410f] claimed by PIIX4 SMB
[    0.491121] ACPI: PCI Interrupt Link [LNKA] (IRQs 5 9 10 *11)
[    0.492590] ACPI: PCI Interrupt Link [LNKB] (IRQs 5 9 *10 11)
[    0.496286] ACPI: PCI Interrupt Link [LNKC] (IRQs 5 *9 10 11)
[    0.500121] ACPI: PCI Interrupt Link [LNKD] (IRQs 5 9 10 *11)
[    0.504663] SCSI subsystem initialized
[    0.524057] pci 0000:00:02.0: vgaarb: setting as boot VGA device
[    0.528000] pci 0000:00:02.0: vgaarb: VGA device added: decodes=io+mem,owns=io+mem,locks=none
[    0.528012] pci 0000:00:02.0: vgaarb: bridge control possible
[    0.532008] vgaarb: loaded
[    0.536066] ACPI: bus type USB registered
[    0.540038] usbcore: registered new interface driver usbfs
[    0.542672] usbcore: registered new interface driver hub
[    0.548014] usbcore: registered new device driver usb
[    0.550665] EDAC MC: Ver: 3.0.0
[    0.552353] PCI: Using ACPI for IRQ routing
[    0.554783] NetLabel: Initializing
[    0.556005] NetLabel:  domain hash size = 128
[    0.558238] NetLabel:  protocols = UNLABELED CIPSOv4 CALIPSO
[    0.560037] NetLabel:  unlabeled traffic allowed by default
[    0.568175] clocksource: Switched to clocksource kvm-clock
[    0.597776] VFS: Disk quotas dquot_6.6.0
[    0.620740] VFS: Dquot-cache hash table entries: 512 (order 0, 4096 bytes)
[    0.624222] AppArmor: AppArmor Filesystem Enabled
[    0.626737] pnp: PnP ACPI init
[    0.630553pnp: PnP ACPI: found 3 devices

[  0.712522] clocksoce: acpi_pm: mask: 0xffffff max_cycles: 0xffffff, max_idle_ns: 2085701024 ns
[   852439] NET: Registered protocol family 2

[    0.961215] TCP established hash table entries: 8192 (order: 4, 65536 bytes)
[    0.976514] TCP bind hash table entries: 8192 (order: 5, 131072 bytes)
[    0.983868] TCP: Hash tables configured (establishe81 bd 8192)
[  1.227382] UDP hash table entries: 512 (order: 2, 16384 bytes)
[    1.300105] UDP-Lite hash ble entries: 512 (order: 2, 16384 bytes)
[    1.384148] NET: Registered protocol family 1
[    1.386318] pci 0000:00:00.0: Limiting direct PCI/PCI transfers
[    1.3228] pci 0000:00:01.0: Activating ISA DMA hang workarounds
[    1.461466] pci 0000:00:02.0: Video device with shadowed ROM at [mem 0x000c0000-0x0dffff]
[    1.533857] Unpacking initramfs...

[    2.034909] Freeing initrd memory: 19204K
[    2.038631] clocksource: tsc: mask: 0xffffffffffffffff max_cycles: 0x396d4ffc055, max_idle_ns: 881590662783 ns
[    2.057863] platform rtc_cmos: registered platform RTC device (no PNP device found)
[    2.063536] Scanning for low memory corruption every 60 seconds
[    2.071645] Initialise system trusted keyrings
[    2.074204] Key type blacklist registered
[    2.076453] workingset: timestamp_bits=36 max_order=18 bucket_order=0
[    2.083143] zbud: loaded
[    2.086111] squashfs: version 4.0 (2009/01/31) Phillip Lougher
[    2.089542] fuse init (API version 7.26)
[    2.104638] Key type asymmetric registered
[    2.106672] Asymmetric key parser 'x509' registered
[    2.115917] Block layer SCSI generic (bsg) driver version 0.4 loaded (major 246)
[    2.119620] io scheduler noop registered
[    2.121758] io scheduler deadline registered
[    2.131339] io scheduler cfq registered (default)
[    2.139284] ACPI: AC Adapter [AC] (on-line)
[    2.142685] input: Power Button as /devices/LNXSYSTM:00/LNXPWRBN:00/input/input0
[    2.146766] ACPI: Power Button [PWRF]
[    2.149562] input: Sleep Button as /devices/LNXSYSTM:00/LNXSLPBN:00/input/input1
[    2.155860] ACPI: Sleep Button [SLPF]
[    2.160645] Serial: 8250/16550 driver, 32 ports, IRQ sharing enabled
[    2.161070] ACPI: Battery Slot [BAT0] (battery present)
[    2.203874] 00:02: ttyS0 at I/O 0x3f8 (irq = 4, base_baud = 115200) is a 16550A
[    2.214126] Linux agpgart interface v0.103
[    2.218980] loop: module loaded
[    2.234415] scsi host0: ata_piix
[    2.235872] scsi host1: ata_piix
[    2.237265] ata1: PATA max UDMA/33 cmd 0x1f0 ctl 0x3f6 bmdma 0xd000 irq 14
[    2.239827] ata2: PATA max UDMA/33 cmd 0x170 ctl 0x376 bmdma 0xd008 irq 15
[    2.242621] libphy: Fixed MDIO Bus: probed
[    2.244292] tun: Universal TUN/TAP device driver, 1.6
[    2.246566] PPP generic driver version 2.4.2
[    2.248355] ehci_hcd: USB 2.0 'Enhanced' Host Controller (EHCI) Driver
[    2.250878] ehci-pci: EHCI PCI platform driver
[    2.252616] ehci-platform: EHCI generic platform driver
[    2.254456] ohci_hcd: USB 1.1 'Open' Host Controller (OHCI) Driver
[    2.256586] ohci-pci: OHCI PCI platform driver
[    2.258384] ohci-platform: OHCI generic platform driver
[    2.260303] uhci_hcd: USB Universal Host Controller Interface driver
[    2.263333] i8042: PNP: PS/2 Controller [PNP0303:PS2K,PNP0f03:PS2M] at 0x60,0x64 irq 1,12
[    2.268409] serio: i8042 KBD port at 0x60,0x64 irq 1
[    2.278397] serio: i8042 AUX port at 0x60,0x64 irq 12
[    2.281431] mousedev: PS/2 mouse device common for all mice
[    2.292089] input: AT Translated Set 2 keyboard as /devices/platform/i8042/serio0/input/input2
[    2.297603] rtc_cmos rtc_cmos: rtc core: registered rtc_cmos as rtc0
[    2.306111] rtc_cmos rtc_cmos: alarms up to one day, 114 bytes nvram
[    2.308695] i2c /dev entries driver
[    2.310195] device-mapper uevet:ersion 1.0.3

[    2.482669] device-mapper: ioctl: 4.37.0-ioctl (2017-09-20) initialised: dm-devel@redhat.com
[    2.485876] ledtrig-cpu: registered to indicate activity on CPUs
[    2.489390] NET: Registered protocol family 10
[    2.517679] Segment Routing with IPv6
[    2.519484] NET: Registered protocol family 17
[    2.521288] Key type dns_resolver registered
[    2.523325] mce: Using 0 MCE banks
[    2.525056] RAS: Correctable Errors collector initialized.
[    2.557006] sched_clock: Marking stable (2556968548, 0)->(7693517694, -5136549146)
[    2.560625] registered taskstats version 1
[    2.569524] Loading compiled-in X.509 certificates
[    2.575368] Loaded X.509 cert 'Build time autogenerated kernel key: f4f7241365689b0cbe3898188e65e316fd8f978d'
[    2.579968] zswap: loaded using pool lzo/zbud
[    2.594241] Key type big_key registered
[    2.602130] Key type trusted registered
[    2.625704] Key type encrypted registered
[    2.627830] AppArmor: AppArmor sha1 policy hashing enabled
[    2.630589] ima: No TPM chip found, activating TPM-bypass! (rc=-19)
[    2.632871] ima: Allocated hash algorithm: sha1
[    2.634416] evm: HMAC attrs: 0x1
[    2.636113]   Magic number: 15:432:996
[    2.638062] rtc_cmos rtc_cmos: setting system clock to 2019-12-30 16:57:22 UTC (1577725042)
[    2.641989] BIOS EDD facility v0.16 2004-Jun-25, 0 devices found
[    2.644673] EDD information not available.
[    2.650346] Freeing unused kernel image memory: 2428K
[    2.688739] Write protecting the kernel read-only data: 20480k
[    2.704822] Freeing unused kernel image memory: 2008K
[    2.707598] Freeing unused kernel image memory: 1880K
[    2.724326] x86/mm: Checked W+X mappings: passed, no W+X pages found.
[    3.081868] x86/mm: Checking user space page tables
[    3.102865] x86/mm: Checked W+X mappings: passed, no W+X pages found.
Loading, please wait...
starting version 237
[    3.243757] e1000: Intel(R) PRO/1000 Network Driver - version 7.3.21-k8-NAPI
[    3.253572] e1000: Copyright (c) 1999-2006 Intel Corporation.
[    3.284184] Fusion MPT base driver 3.04.20
[    3.286207] Copyright (c) 1999-2008 LSI Corporation
[    3.309982] Fusion MPT SPI Host driver 3.04.20
[    3.332627] AVX2 version of gcm_enc/dec engaged.
[    3.340294] AES CTR mode by8 optimization enabled
[    3.478725] input: ImExPS/2 Generic Explorer Mouse as /devices/platform/i8042/serio1/input/input4
[    3.733860] e1000 0000:00:03.0 eth0: (PCI:33MHz:32-bit) 02:b7:1f:33:e9:24
[    3.736995] e1000 0000:00:03.0 eth0: Intel(R) PRO/1000 Network Connection
[    3.741611] mptbase: ioc0: Initiating bringup
[    3.742762] e1000 0000:00:03.0 enp0s3: renamed from eth0
[    3.836617] ioc0: LSI53C1030 A0: Capabilities={Initiator}
[    4.154210] scsi host2: ioc0: LSI53C1030 A0, FwRev=00000000h, Ports=1, MaxQ=256, IRQ=20
[    4.337135] scsi 2:0:0:0: Direct-Access     VBOX     HARDDISK         1.0  PQ: 0 ANSI: 5
[    4.392511] scsi target2:0:0: Beginning Domain Validation
[    4.407212] scsi target2:0:0: Domain Validation skipping write tests
[    4.410405] scsi target2:0:0: Ending Domain Validation
[    5.183250] scsi target2:0:0: asynchronous
[    5.185782] scsi 2:0:1:0: Direct-Access     VBOX     HARDDISK         1.0  PQ: 0 ANSI: 5
[    6.029505] scsi target2:0:1: Beginning Domain Validation
[    6.206641] random: fast init done
[    6.209783] scsi target2:0:1: Domain Validation skipping write tests
[    6.212842] scsi target2:0:1: Ending Domain Validation
[    6.215245] scsi target2:0:1: asynchronous
[    6.391401] random: systemd-udevd: uninitialized urandom read (16 bytes read)
[    6.391510] sd 2:0:0:0: Attached scsi generic sg0 type 0
[    6.394778] random: systemd-udevd: uninitialized urandom read (16 bytes read)
[    6.403522] sd 2:0:1:0: Attached scsi generic sg1 type 0
[    6.406426] random: systemd-udevd: uninitialized urandom read (16 bytes read)
[    6.428833] sd 2:0:0:0: [sda] 20971520 512-byte logical blocks: (10.7 GB/10.0 GiB)
[    6.441641] sd 2:0:1:0: [sdb] 20480 512-byte logical blocks: (10.5 MB/10.0 MiB)
[    6.477122] sd 2:0:0:0: [sda] Write Protect is off
[    6.479718] sd 2:0:1:0: [sdb] Write Protect is off
[    6.479808] sd 2:0:0:0: [sda] Incomplete mode parameter data
[    6.484428] sd 2:0:0:0: [sda] Assuming drive cache: write through
[    6.486931] sd 2:0:1:0: [sdb] Incomplete mode parameter data
[    6.491646]  sda: sda1
[    6.492499] sd 2:0:1:0: [sdb] Assuming drive cache: write through
[    6.494845] sd 2:0:0:0: [sda] Attached SCSI disk
[    6.568507] sd 2:0:1:0: [sdb] Attached SCSI disk
Begin: Loading essential drivers ... [    8.588629] raid6: sse2x1   gen()  5586 MB/s
[    8.644353] raid6: sse2x1   xor()  3911 MB/s
[    8.704038] raid6: sse2x2   gen()  8577 MB/s
[    8.772601] raid6: sse2x2   xor()  4474 MB/s
[    8.832071] raid6: sse2x4   gen()  7025 MB/s
[    8.884270] raid6: sse2x4   xor()  4891 MB/s
[    8.936058] raid6: avx2x1   gen() 11620 MB/s
[    8.988480] raid6: avx2x1   xor()  7562 MB/s
[    9.044085] raid6: avx2x2   gen() 13160 MB/s
[    9.100715] raid6: avx2x2   xor()  7016 MB/s
[    9.148520] raid6: avx2x4   gen() 13511 MB/s
[    9.200228] raid6: avx2x4   xor()  7732 MB/s
[    9.202386] raid6: using algorithm avx2x4 gen() 13511 MB/s
[    9.205167] raid6: .... xor() 7732 MB/s, rmw enabled
[    9.207517] raid6: using avx2x2 recovery algorithm
[    9.212888] xor: automatically using best checksumming function   avx       
[    9.218369] async_tx: api initialized (async)
done.
Begin: Running /scripts/init-premount ... done.
Begin: Mounting root file system ... Begin: Running /scripts/local-top ... done.
Begin: Running /scripts/local-premount ... [    9.315448] Btrfs loaded, crc32c=crc32c-intel
Scanning for Btrfs filesystems
done.
Warning: fsck not present, so skipping root file system
[    9.363546] EXT4-fs (sda1): mounted filesystem with ordered data mode. Opts: (null)
done.
Begin: Running /scripts/local-bottom ... done.
Begin: Running /scripts/init-bottom ... done.
[    9.604193] ip_tables: (C) 2000-2006 Netfilter Core Team
[    9.624503] systemd[1]: systemd 237 running in system mode. (+PAM +AUDIT +SELINUX +IMA +APPARMOR +SMACK +SYSVINIT +UTMP +LIBCRYPTSETUP +GCRYPT +GNUTLS +ACL +XZ +LZ4 +SECCOMP +BLKID +ELFUTILS +KMOD -IDN2 +IDN -PCRE2 default-hierarchy=hybrid)
[    9.696311] systemd[1]: Detected virtualization oracle.
[    9.699013] systemd[1]: Detected architecture x86-64.

Welcome to [1mUbuntu 18.04.3 LTS[0m!

[    9.716303] systemd[1]: Set hostname to <ubuntu>.
[    9.723343] systemd[1]: Initializing machine ID from random generator.
[    9.734557] systemd[1]: Installed transient /etc/machine-id file.
[   10.119545] systemd[1]: Reached target System Time Synchronized.
[[0;32m  OK  [0m] Reached target System Time Synchronized.
[   10.165729] systemd[1]: Reached target Swap.
[[0;32m  OK  [0m] Reached target Swap.
[   10.174890] systemd[1]: Created slice User and Session Slice.
[[0;32m  OK  [0m] Created slice User and Session Slice.
[   10.184521] systemd[1]: Set up automount Arbitrary Executable File Formats File System Automount Point.
[[0;32m  OK  [0m] Set up automount Arbitrary Executab…rmats File System Automount Point.
[[0;32m  OK  [0m] Created slice System Slice.
[[0;32m  OK  [0m] Listening on LVM2 poll daemon socket.
[[0;32m  OK  [0m] Listening on udev Kernel Socket.
[[0;32m  OK  [0m] Listening on LVM2 metadata daemon socket.
[[0;32m  OK  [0m] Listening on Network Service Netlink Socket.
[[0;32m  OK  [0m] Reached target Slices.
[[0;32m  OK  [0m] Listening on Journal Socket.
         Starting Load Kernel Modules...
         Mounting Kernel Debug File System...
         Starting Set the console keyboar[   10.285886] Loading iSCSI transport class v2.0-870.
d layout...
         Mounting Huge Pages File System...
[[0;32m  OK  [0m] Listening on Syslog Socket.
[[0;32m  OK  [0m] Listening on udev Control Socket.
         Starting udev Coldplug all Devices...
[[0;32m  OK  [0m] Listening on Device-mapper event daemon FIFOs.
[   10.342993] iscsi: registered transport (tcp)
         Starting Remount Root and Kernel File Systems...
         Starting Create list of required st…ce nodes for the current kernel...
[[0;32m  OK  [0m] Listening on /dev/initctl Compatibility Named Pipe.
         Starting Monitoring of LVM2 mirrors…ng dmeventd or progress polling...
[[0;32m  OK  [0m] Listening on Journal Audit Socket.
[[0;32m  OK  [0m] Listening on Journal Socket (/dev/log).
[   10.409685] EXT4-fs (sda1): re-mounted. Opts: (null)
         Starting Journal Service...
         Starting Uncomplicated firewall...
[[0;32m  OK  [0m] Reached target User and Group Name Lookups.
         Mounting POSIX Message Queue File System...
[[0;32m  OK  [0m] Started Forward [   10.461586] iscsi: registered transport (iser)
Password Requests to Wall Directory Watch.
[[0;32m  OK  [0m] Created slice system-serial\x2dgetty.slice.
[[0;32m  OK  [0m] Started Load Kernel Modules.
[[0;32m  OK  [0m] Mounted Kernel Debug File System.
[[0;32m  OK  [0m] Mounted Huge Pages File System.
[[0;32m  OK  [0m] Started Remount Root and Kernel File Systems.
[[0;32m  OK  [0m] Started Create list of required sta…vice nodes for the current kernel.
[[0;32m  OK  [0m] Started Uncomplicated firewall.
[[0;32m  OK  [0m] Mounted POSIX Message Queue File System.
[[0;32m  OK  [0m] Started LVM2 metadata daemon.
         Starting Create Static Device Nodes in /dev...
         Starting Load/Save Random Seed...
         Starting Apply Kernel Variables...
         Mounting Kernel Configuration File System...
         Mounting FUSE Control File System...
[[0;32m  OK  [0m] Started Journal Service.
[[0;32m  OK  [0m] Started Monitoring of LVM2 mirrors,…sing dmeventd or progress polling.
[[0;32m  OK  [0m] Started udev Coldplug all Devices.
[[0;32m  OK  [0m] Started Create Static Device Nodes in /dev.
[[0;32m  OK  [0m] Started Load/Save Random Seed.
[[0;32m  OK  [0m] Started Apply Kernel Variables.
[[0;32m  OK  [0m] Mounted Kernel Configuration File System.
[[0;32m  OK  [0m] Mounted FUSE Control File System.
         Starting udev Kernel Device Manager...
         Starting Flush Journal to Persistent Storage...
[[0;32m  OK  [0m] Started udev Kernel Device Manager.
[[0;32m  OK  [0m] Started Set the console keyboard layout.
[[0;32m  OK  [0m] Reached target Local File Systems (Pre).
[[0;32m  OK  [0m] Reached target Local File Systems.
         Starting Commit a transient machine-id on disk...
         Starting ebtables ruleset management...
         Starting Set console font and keymap...
         Starting AppArmor initialization...
         Starting Tell Plymouth To Write Out Runtime Data...
[[0;32m  OK  [0m] Started Dispatch Password Requests to Console Directory Watch.
[[0;32m  OK  [0m] Reached target Local Encrypted Volumes.
[[0;32m  OK  [0m] Started Flush Journal to Persistent Storage.
[[0;32m  OK  [0m] Started Set console font and keymap.
[[0;32m  OK  [0m] Started Commit a transient machine-id on disk.
         Starting Create Volatile Files and Directories...
[[0;32m  OK  [0m] Started Tell Plymouth To Write Out Runtime Data.
[[0;32m  OK  [0m] Started Create Volatile Files and Directories.
         Starting Update UTMP about System Boot/Shutdown...
[[0;32m  OK  [0m] Started Update UTMP about System Boot/Shutdown.
[[0;32m  OK  [0m] Started ebtables ruleset management.
[[0;32m  OK  [0m] Found device /dev/ttyS0.
[[0;32m  OK  [0m] Listening on Load/Save RF Kill Switch Status /dev/rfkill Watch.
[[0;32m  OK  [0m] Started AppArmor initialization.
         Starting Initial cloud-init job (pre-networking)...
[   16.186672] cloud-init[542]: Cloud-init v. 19.3-41-gc4735dd3-0ubuntu1~18.04.1 running 'init-local' at Mon, 30 Dec 2019 16:57:35 +0000. Up 15.45 seconds.
[[0;32m  OK  [0m] Started Initial cloud-init job (pre-networking).
[[0;32m  OK  [0m] Reached target Network (Pre).
         Starting Network Service...
[[0;32m  OK  [0m] Started Network Service.
         Starting Wait for Network to be Configured...
         Starting Network Name Resolution...
[[0;32m  OK  [0m] Started Network Name Resolution.
[[0;32m  OK  [0m] Reached target Host and Network Name Lookups.
[[0;32m  OK  [0m] Reached target Network.
[[0;32m  OK  [0m] Started Wait for Network to be Configured.
         Starting Initial cloud-init job (metadata service crawler)...
[   19.001753] cloud-init[665]: Cloud-init v. 19.3-41-gc4735dd3-0ubuntu1~18.04.1 running 'init' at Mon, 30 Dec 2019 16:57:38 +0000. Up 18.63 seconds.
[   19.010465] cloud-init[665]: ci-info: ++++++++++++++++++++++++++++++++++++++Net device info++++++++++++++++++++++++++++++++++++++
[   19.054438] cloud-init[665]: ci-info: +--------+------+----------------------------+---------------+--------+-------------------+
[   19.116478] cloud-init[665]: ci-info: | Device |  Up  |          Address           |      Mask     | Scope  |     Hw-Address    |
[   19.126693] cloud-init[665]: ci-info: +--------+------+----------------------------+---------------+--------+-------------------+
[   19.150484] cloud-init[665]: ci-info: | enp0s3 | True |         10.0.2.15          | 255.255.255.0 | global | 02:b7:1f:33:e9:24 |
[   19.168947] cloud-init[665]: ci-info: | enp0s3 | True | fe80::b7:1fff:fe33:e924/64 |       .       |  link  | 02:b7:1f:33:e9:24 |
[   19.197192] cloud-init[665]: ci-info: |   lo   | True |         127.0.0.1          |   255.0.0.0   |  host  |         .         |
[   19.240473] cloud-init[665]: ci-info: |   lo   | True |          ::1/128           |       .       |  host  |         .         |
[   19.249630] cloud-init[665]: ci-info: +--------+------+----------------------------+---------------+--------+-------------------+
[   19.254468] cloud-init[665]: ci-info: ++++++++++++++++++++++++++++Route IPv4 info+++++++++++++++++++++++++++++
[   19.296384] cloud-init[665]: ci-info: +-------+-------------+----------+-----------------+-----------+-------+
[   19.337682] cloud-init[665]: ci-info: | Route | Destination | Gateway  |     Genmask     | Interface | Flags |
[   19.353080] cloud-init[665]: ci-info: +-------+-------------+----------+-----------------+-----------+-------+
[   19.364290] cloud-init[665]: ci-info: |   0   |   0.0.0.0   | 10.0.2.2 |     0.0.0.0     |   enp0s3  |   UG  |
[   19.389828] cloud-init[665]: ci-info: |   1   |   10.0.2.0  | 0.0.0.0  |  255.255.255.0  |   enp0s3  |   U   |
[   19.394517] cloud-init[665]: ci-info: |   2   |   10.0.2.2  | 0.0.0.0  | 255.255.255.255 |   enp0s3  |   UH  |
[   19.399104] cloud-init[665]: ci-info: +-------+-------------+----------+-----------------+-----------+-------+
[   19.406068] cloud-init[665]: ci-info: +++++++++++++++++++Route IPv6 info+++++++++++++++++++
[   19.439594] cloud-init[665]: ci-info: +-------+-------------+---------+-----------+-------+
[   19.454182] cloud-init[665]: ci-info: | Route | Destination | Gateway | Interface | Flags |
[   19.466162] cloud-init[665]: ci-info: +-------+-------------+---------+-----------+-------+
[   19.470615] cloud-init[665]: ci-info: |   1   |  fe80::/64  |    ::   |   enp0s3  |   U   |
[   19.483628] cloud-init[665]: ci-info: |   3   |    local    |    ::   |   enp0s3  |   U   |
[   19.488358] cloud-init[665]: ci-info: |   4   |   ff00::/8  |    ::   |   enp0s3  |   U   |
[   19.505091] cloud-init[665]: ci-info: +-------+-------------+---------+-----------+-------+
[   20.211878] cloud-init[665]: Generating public/private rsa key pair.
[   20.248282] cloud-init[665]: Your identification has been saved in /etc/ssh/ssh_host_rsa_key.
[   20.268833] cloud-init[665]: Your public key has been saved in /etc/ssh/ssh_host_rsa_key.pub.
[[0;32m  OK  [0m] Started Initial cloud-init job (metadata service crawler).
[   20.309975] [cloud-init[0;32m  OK  [0m[665]: ] The key fingerprint is:
Reached target System Initialization.
[[0;32m  OK  [0m] Listening on Open-iSCSI iscsid Socket.
[   20.417033] [cloud-init[0;32m  OK  [0m[665]: ] SHA256:wL6ah9Y9uJaKNRrUypnlZrYCBTrEMZpz/gA8W0oz2ck root@ubuntu-bionicStarted Daily apt download activities.

[[0;32m  OK  [0m] Listening on D-Bus System Message Bus Socket.
[   20.564646] cloud-init[665]:          Starting Socket activation for snappy daemon.
[[0;32m  OK  [0m] Started Message of the Day.
[[0;32m  OK  [0m] Started Discard unused blocks once a week.
[[0;32m  OK  [0m] Listening on ACPID Listen Socket.
[[0;32m  OK  [0m] Started Daily Cleanup of Temporary Directories.
[[0;32m  OK  [0m] Started Daily apt upgrade and clean activities.
[[0;32m  OK  [0m] Reached target Timers.
[[0;32m  OK  [0m] Started ACPI Events Check.
[[0;32m  OK  [0m] Reached target Paths.
[[0;32m  OK  [0m] Listening on UUID daemon activation socket.
The key's randomart image is:
         Starting LXD - unix socket.
[   20.601127] [[0;32m  OK  [0m] Reached target Cloud-config availability.
[[0;32m  OK  [0m] Reached target Network is Online.
cloud-init[665]: +---[RSA 2048]----+
[[0;32m  OK  [0m] Reached target Remote File Systems (Pre).
[[0;32m  OK  [0m] Reached target Remote File Systems.
[   20.614527] cloud-init[665]: |.o.              |
         Starting Availability of block devices...
[[0;32m  OK  [0m] [   20.617836] cloud-init[665]: |++= ..           |
[   20.621883] cloud-init[665]: |BO.E  o          |
[   20.622425] cloud-init[665]: |+=O. . .         |
Listening on Socket activation for snappy daemon.
[   20.622987] cloud-init[665]: | =+ o . S        |
[[   20.647135] cloud-init[665]: |.o O   .         |
[   20.647472] cloud-init[665]: | .* Oo.+         |
[   20.649479] cloud-init[665]: |  .Oo=* o        |
[   20.650591] cloud-init[665]: |  oo=+.. .       |
[   20.651069] cloud-init[665]: +----[SHA256]-----+
[0;32m  OK  [0m] Listening on LXD - unix socket.
[   20.651497] cloud-init[665]: Generating public/private dsa key pair.
[[0;32m  OK  [0m[   20.688177] cloud-init[665]: Your identification has been saved in /etc/ssh/ssh_host_dsa_key.
[   20.689066] cloud-init[665]: Your public key has been saved in /etc/ssh/ssh_host_dsa_key.pub.
[   20.690796] cloud-init[665]: The key fingerprint is:
] Started Availability of block devices.
[   20.691680] cloud-init[665]: SHA256:/8MJFmhJrU5+szFE1M+7P2xdvD9COLF2vj0AuhNIJBE root@ubuntu-bionic
[[   20.726049] cloud-init[665]: The key's randomart image is:
[   20.726355] cloud-init[665]: +---[DSA 1024]----+
[   20.727286] cloud-init[665]: |     Eo  o..     |
[   20.728723] cloud-init[665]: |     . .. o .    |
[   20.729785] cloud-init[665]: |      o. =   o   |
[   20.730766] cloud-init[665]: |       .* oo  o  |
[   20.731749] cloud-init[665]: |      .=S...=  o |
[   20.732824] cloud-init[665]: |       .o+B= +. o|
[   20.733973] cloud-init[665]: |         o=B=.o.+|
[0;32m  OK  [0m] Reached target Sockets.
[   20.735046] cloud-init[665]: |         o..+ooB.|
[   20.768587] cloud-init[665]: |          . .o+oB|
[[0;32m  OK  [0m] Reached target Basic System.
[   20.768905] cloud-init[665]: +----[SHA256]-----+
[   20.828487] cloud-init[665]: Generating public/private ecdsa key pair.
[   20.835734] cloud-init[665]: Your identification has been saved in /etc/ssh/ssh_host_ecdsa_key.
[[   20.860277] cloud-init[665]: Your public key has been saved in /etc/ssh/ssh_host_ecdsa_key.pub.
[   20.860516] cloud-init[665]: The key fingerprint is:
[0;32m  OK  [0m] Started FUSE filesystem for LXC.
[   20.860934] cloud-init[665]: SHA256:9WfWtJke3wqTVCeAk7wdq78fLLAbxFrk5WiRquu2ohU root@ubuntu-bionic
[   20.954380] cloud-init[665]: The key's randomart image is:
         [   20.972450] Starting Login Service...cloud-init
[665]: +---[ECDSA 256]---+
         [   21.040381] cloud-init[665]: |         . o.    |
[   21.041019] cloud-init[665]: |          =...   |
[   21.042077] cloud-init[665]: |          =+.oo o|
[   21.043117] cloud-init[665]: |         *.*o. =+|
[   21.044686] cloud-init[665]: |    E   S O.+ +=.|
[   21.045149] cloud-init[665]: |     . . =.+ *. +|
[   21.046164] cloud-init[665]: |    . . . o.= o.o|
[   21.046728] cloud-init[665]: |   .. ..   o.+ o |
[   21.047208] cloud-init[665]: |  .. ++.  . .oo  |
Starting Permit User Sessions...
[   21.048227] cloud-init[665]: +----[SHA256]-----+
[[0;32m  OK  [0m] Started irqbalance daemon.
[   21.142563] cloud-init[665]: Generating public/private ed25519 key pair.
         [   21.172781] cloud-init[665]: Your identification has been saved in /etc/ssh/ssh_host_ed25519_key.
[   21.173336] cloud-init[665]: Your public key has been saved in /etc/ssh/ssh_host_ed25519_key.pub.
Starting System Logging Service...
[   21.173611] cloud-init[665]: The key fingerprint is:
[   21.229605] cloud-init[665]: SHA256:4OxLW+KaE+/nH3g0g1aVdsT5C8W27nq1EgCImzwHdE4 root@ubuntu-bionic
[   21.235150] cloud-init[665]: The key's randomart image is:
         Starting Virtualbox guest utils...
[   21.239553] cloud-init[665]: +--[ED25519 256]--+         Starting LSB: Record successful boot for GRUB...

         Starting Pollinate to seed the pseudo random number generator...
         Starting LXD - container startup/shutdown...
[[0;32m  OK  [0m] Started D-Bus System Message Bus.
[   21.352440] cloud-init[665]: |    ...E.   .+o. |
[   21.355255] cloud-init[665]: |     o+. . .o ++ |
[   21.358662] cloud-init[665]: |    . =.  o. .o..|
[   21.362681] cloud-init[665]: |     B o o . . ..|
[   21.366142] cloud-init[665]: |      = S + . o .|
[   21.369325] cloud-init[665]: |    .. . o o . o.|
[   21.372233] cloud-init[665]: |     o+ o o   o o|
[   21.380578] cloud-init[665]: |    .+.=.. . . + |
[   21.391653] cloud-init[665]: |    o+=o...  .+  |
[   21.398340] cloud-init[665]: +----[SHA256]-----+
[[0;32m  OK  [0m] Started Login Service.
[[0;32m  OK  [0m] Started Unattended Upgrades Shutdown.
[[0;32m  OK  [0m] Started Regular background program processing daemon.
         Starting LSB: automatic crash report generation...
[[0;32m  OK  [0m] Started Deferred execution scheduler.
         Starting Dispatcher daemon for systemd-networkd...
         Starting Accounts Service...
         Starting Snappy daemon...
[[0;32m  OK  [0m] Started System Logging Service.
[[0;32m  OK  [0m] Started Permit User Sessions.
         Starting Terminate Plymouth Boot Screen...
         Starting Hold until boot process finishes up...
[[0;32m  OK  [0m] Started Hold until boot process finishes up.
         Starting Set console scheme...
[[0;32m  OK  [0m] Started Serial Getty on ttyS0.
[[0;32m  OK  [0m] Started Terminate Plymouth Boot Screen.
[[0;32m  OK  [0m] Started Set console scheme.
[[0;32m  OK  [0m] Created slice system-getty.slice.
[[0;32m  OK  [0m] Started Getty on tty1.
[[0;32m  OK  [0m] Reached target Login Prompts.
[[0;32m  OK  [0m] Started LXD - container startup/shutdown.
         Starting Authorization Manager...
[[0;32m  OK  [0m] Started LSB: automatic crash report generation.
[[0;32m  OK  [0m] Started Virtualbox guest utils.
[[0;32m  OK  [0m] Started LSB: Record successful boot for GRUB.
[[0;32m  OK  [0m] Started Authorization Manager.
[[0;32m  OK  [0m] Started Accounts Service.
[[0;32m  OK  [0m] Started Dispatcher daemon for systemd-networkd.
[[0;32m  OK  [0m] Started Snappy daemon.
         Starting Wait until snapd is fully seeded...
[[0;32m  OK  [0m] Started Pollinate to seed the pseudo random number generator.
         Starting OpenBSD Secure Shell server...
[[0;32m  OK  [0m] Started OpenBSD Secure Shell server.
[[0;32m  OK  [0m] Created slice User Slice of vagrant.
         Starting User Manager for UID 1000...
[[0;32m  OK  [0m] Started Session 1 of user vagrant.
[[0;32m  OK  [0m] Started User Manager for UID 1000.

Ubuntu 18.04.3 LTS ubuntu-bionic ttyS0

ubuntu-bionic login: [   33.894476] cloud-init[1526]: Cloud-init v. 19.3-41-gc4735dd3-0ubuntu1~18.04.1 running 'modules:config' at Mon, 30 Dec 2019 16:57:52 +0000. Up 33.11 seconds.
ci-info: no authorized ssh keys fingerprints found for user ubuntu.
<14>Dec 30 16:57:55 ec2: 
<14>Dec 30 16:57:55 ec2: #############################################################
<14>Dec 30 16:57:55 ec2: -----BEGIN SSH HOST KEY FINGERPRINTS-----
<14>Dec 30 16:57:55 ec2: 1024 SHA256:/8MJFmhJrU5+szFE1M+7P2xdvD9COLF2vj0AuhNIJBE root@ubuntu-bionic (DSA)
<14>Dec 30 16:57:55 ec2: 256 SHA256:9WfWtJke3wqTVCeAk7wdq78fLLAbxFrk5WiRquu2ohU root@ubuntu-bionic (ECDSA)
<14>Dec 30 16:57:55 ec2: 256 SHA256:4OxLW+KaE+/nH3g0g1aVdsT5C8W27nq1EgCImzwHdE4 root@ubuntu-bionic (ED25519)
<14>Dec 30 16:57:55 ec2: 2048 SHA256:wL6ah9Y9uJaKNRrUypnlZrYCBTrEMZpz/gA8W0oz2ck root@ubuntu-bionic (RSA)
<14>Dec 30 16:57:55 ec2: -----END SSH HOST KEY FINGERPRINTS-----
<14>Dec 30 16:57:55 ec2: #############################################################
-----BEGIN SSH HOST KEY KEYS-----
ecdsa-sha2-nistp256 AAAAE2VjZHNhLXNoYTItbmlzdHAyNTYAAAAIbmlzdHAyNTYAAABBBIG/dlfAgi3R1ObQqXKugr5GV7aC6ip4eNruKif6Uequd+S5obVcCuD2GkD3cyf8EtBjVXLY4EOLHQx+iFLY8IU= root@ubuntu-bionic
ssh-ed25519 AAAAC3NzaC1lZDI1NTE5AAAAIN8k/2fROzua7ceuO0sAMNOyiu9rW+kqN54atE9s7++v root@ubuntu-bionic
ssh-rsa AAAAB3NzaC1yc2EAAAADAQABAAABAQC5sVNE4QP6sWnUlNzUfurd0WS7Vja+X+SDz8AYtqTAOdF85Puax2LDn93w/ijpHZM+YRNTNYsfO71EVw03wH8ySCkfjsKWCwOeth1E/vdExTPBHkZnRourHuTv9Iei8TutTS+29us2pja2CgYR1SbFzEvvtG0H2o3Ko4bwcX3Obr3mg+SI7R2lfMOpl5h/godlE+OW3L8WSGk1uj1TzVcaw1nh0dmhnPbgmZLmA4+UwW7eBrl9lrF2SK0tBGEpfWBbNAGDCK4MCqNpwYKw/hBbtNCX3kVA1aZoipstWz1e+i6G+H9o7z6yMXKlnY0NEox5uUBsh3hz3GSnPkk3EGBX root@ubuntu-bionic
-----END SSH HOST KEY KEYS-----
[   35.377550] cloud-init[1625]: Cloud-init v. 19.3-41-gc4735dd3-0ubuntu1~18.04.1 running 'modules:final' at Mon, 30 Dec 2019 16:57:54 +0000. Up 34.95 seconds.
[   35.377751] cloud-init[1625]: ci-info: no authorized ssh keys fingerprints found for user ubuntu.
[   35.377888] cloud-init[1625]: Cloud-init v. 19.3-41-gc4735dd3-0ubuntu1~18.04.1 finished at Mon, 30 Dec 2019 16:57:55 +0000. Datasource DataSourceNoCloud [seed=/dev/sdb][dsmode=net].  Up 35.35 seconds
